#
# There is insufficient memory for the Java Runtime Environment to continue.
# Native memory allocation (malloc) failed to allocate 1876496 bytes for Chunk::new
# Possible reasons:
#   The system is out of physical RAM or swap space
#   In 32 bit mode, the process size limit was hit
# Possible solutions:
#   Reduce memory load on the system
#   Increase physical memory or swap space
#   Check if swap backing store is full
#   Use 64 bit Java on a 64 bit OS
#   Decrease Java heap size (-Xmx/-Xms)
#   Decrease number of Java threads
#   Decrease Java thread stack sizes (-Xss)
#   Set larger code cache with -XX:ReservedCodeCacheSize=
# This output file may be truncated or incomplete.
#
#  Out of Memory Error (allocation.cpp:390), pid=1912, tid=8156
#
# JRE version: Java(TM) SE Runtime Environment (8.0_91-b14) (build 1.8.0_91-b14)
# Java VM: Java HotSpot(TM) 64-Bit Server VM (25.91-b14 mixed mode windows-amd64 compressed oops)
# Failed to write core dump. Minidumps are not enabled by default on client versions of Windows
#

---------------  T H R E A D  ---------------

Current thread (0x00000000154e7800):  JavaThread "C2 CompilerThread1" daemon [_thread_in_native, id=8156, stack(0x0000000016c40000,0x0000000016d40000)]

Stack: [0x0000000016c40000,0x0000000016d40000]
[error occurred during error reporting (printing stack bounds), id 0xc0000005]

Native frames: (J=compiled Java code, j=interpreted, Vv=VM code, C=native code)


Current CompileTask:
C2:  22531 3996   !   4       org.springframework.core.annotation.AnnotatedElementUtils::searchWithFindSemantics (774 bytes)


---------------  P R O C E S S  ---------------

Java Threads: ( => current thread )
  0x00000000180d1000 JavaThread "HikariPool-1 connection adder" daemon [_thread_in_native, id=3744, stack(0x000000001f1d0000,0x000000001f2d0000)]
  0x000000001838f800 JavaThread "HikariPool-1 housekeeper" daemon [_thread_blocked, id=6076, stack(0x000000001f0d0000,0x000000001f1d0000)]
  0x000000001a5cf800 JavaThread "mysql-cj-abandoned-connection-cleanup" daemon [_thread_blocked, id=10284, stack(0x000000001ead0000,0x000000001ebd0000)]
  0x000000001a6f9000 JavaThread "container-0" [_thread_blocked, id=8700, stack(0x000000001e7d0000,0x000000001e8d0000)]
  0x000000001a21b000 JavaThread "Catalina-utility-2" [_thread_blocked, id=13084, stack(0x000000001e6d0000,0x000000001e7d0000)]
  0x000000001cd26800 JavaThread "Catalina-utility-1" [_thread_blocked, id=10544, stack(0x0000000017d80000,0x0000000017e80000)]
  0x0000000016e61000 JavaThread "Service Thread" daemon [_thread_blocked, id=6784, stack(0x0000000017240000,0x0000000017340000)]
  0x00000000154f3800 JavaThread "C1 CompilerThread2" daemon [_thread_blocked, id=12828, stack(0x0000000016d40000,0x0000000016e40000)]
=>0x00000000154e7800 JavaThread "C2 CompilerThread1" daemon [_thread_in_native, id=8156, stack(0x0000000016c40000,0x0000000016d40000)]
  0x00000000154e2000 JavaThread "C2 CompilerThread0" daemon [_thread_in_native, id=3264, stack(0x0000000016b40000,0x0000000016c40000)]
  0x00000000154e0800 JavaThread "Attach Listener" daemon [_thread_blocked, id=7268, stack(0x0000000016a40000,0x0000000016b40000)]
  0x00000000154df000 JavaThread "Signal Dispatcher" daemon [_thread_blocked, id=12772, stack(0x0000000016940000,0x0000000016a40000)]
  0x00000000154c9000 JavaThread "Finalizer" daemon [_thread_blocked, id=11064, stack(0x0000000016740000,0x0000000016840000)]
  0x0000000002f04000 JavaThread "Reference Handler" daemon [_thread_blocked, id=6376, stack(0x0000000016640000,0x0000000016740000)]
  0x0000000002e14800 JavaThread "main" [_thread_in_native, id=11572, stack(0x0000000002c50000,0x0000000002d50000)]

Other Threads:
  0x00000000154a7000 VMThread [stack: 0x0000000016540000,0x0000000016640000] [id=7132]
  0x0000000016e88800 WatcherThread [stack: 0x0000000017340000,0x0000000017440000] [id=12892]

VM state:not at safepoint (normal execution)

VM Mutex/Monitor currently owned by a thread: None

Heap:
 PSYoungGen      total 91136K, used 46453K [0x00000000eb400000, 0x00000000f3800000, 0x0000000100000000)
  eden space 79872K, 58% used [0x00000000eb400000,0x00000000ee15d770,0x00000000f0200000)
  from space 11264K, 0% used [0x00000000f0200000,0x00000000f0200000,0x00000000f0d00000)
  to   space 10752K, 0% used [0x00000000f2d80000,0x00000000f2d80000,0x00000000f3800000)
 ParOldGen       total 52736K, used 17770K [0x00000000c1c00000, 0x00000000c4f80000, 0x00000000eb400000)
  object space 52736K, 33% used [0x00000000c1c00000,0x00000000c2d5a960,0x00000000c4f80000)
 Metaspace       used 39605K, capacity 41290K, committed 41472K, reserved 1085440K
  class space    used 4996K, capacity 5338K, committed 5376K, reserved 1048576K

Card table byte_map: [0x00000000122d0000,0x00000000124d0000] byte_map_base: 0x0000000011cc2000

Marking Bits: (ParMarkBitMap*) 0x000000005c522f70
 Begin Bits: [0x0000000012a20000, 0x00000000139b0000)
 End Bits:   [0x00000000139b0000, 0x0000000014940000)

Polling page: 0x0000000001480000

CodeCache: size=245760Kb used=12736Kb max_used=12736Kb free=233023Kb
 bounds [0x0000000002f10000, 0x0000000003b90000, 0x0000000011f10000]
 total_blobs=4102 nmethods=3635 adapters=379
 compilation: enabled

Compilation events (10 events):
Event: 22.447 Thread 0x00000000154f3800 4133       1       com.mysql.cj.protocol.a.NativeServerSession::getServerVariables (5 bytes)
Event: 22.447 Thread 0x00000000154f3800 nmethod 4133 0x0000000003345950 code [0x0000000003345aa0, 0x0000000003345bb0]
Event: 22.450 Thread 0x00000000154f3800 4134       3       com.mysql.cj.protocol.a.NativeProtocol::getServerSession (5 bytes)
Event: 22.450 Thread 0x00000000154f3800 nmethod 4134 0x0000000003345610 code [0x0000000003345760, 0x00000000033458d0]
Event: 22.450 Thread 0x00000000154f3800 4135   !   3       java.net.AbstractPlainSocketImpl::acquireFD (29 bytes)
Event: 22.451 Thread 0x00000000154f3800 nmethod 4135 0x0000000003345110 code [0x0000000003345260, 0x0000000003345550]
Event: 22.451 Thread 0x00000000154f3800 4136   !   3       java.net.AbstractPlainSocketImpl::releaseFD (74 bytes)
Event: 22.451 Thread 0x00000000154f3800 nmethod 4136 0x0000000003344710 code [0x00000000033448a0, 0x0000000003344ea8]
Event: 22.451 Thread 0x00000000154f3800 4137       1       java.util.concurrent.atomic.AtomicInteger::get (5 bytes)
Event: 22.452 Thread 0x00000000154f3800 nmethod 4137 0x0000000003504410 code [0x0000000003504560, 0x0000000003504670]

GC Heap History (10 events):
Event: 8.088 GC heap before
{Heap before GC invocations=9 (full 1):
 PSYoungGen      total 38912K, used 32229K [0x00000000eb400000, 0x00000000f0000000, 0x0000000100000000)
  eden space 32256K, 99% used [0x00000000eb400000,0x00000000ed379640,0x00000000ed380000)
  from space 6656K, 0% used [0x00000000ed380000,0x00000000ed380000,0x00000000eda00000)
  to   space 6656K, 0% used [0x00000000ef980000,0x00000000ef980000,0x00000000f0000000)
 ParOldGen       total 28672K, used 4941K [0x00000000c1c00000, 0x00000000c3800000, 0x00000000eb400000)
  object space 28672K, 17% used [0x00000000c1c00000,0x00000000c20d3518,0x00000000c3800000)
 Metaspace       used 23095K, capacity 23796K, committed 23936K, reserved 1071104K
  class space    used 2962K, capacity 3153K, committed 3200K, reserved 1048576K
Event: 8.097 GC heap after
Heap after GC invocations=9 (full 1):
 PSYoungGen      total 60416K, used 2936K [0x00000000eb400000, 0x00000000efc80000, 0x0000000100000000)
  eden space 57344K, 0% used [0x00000000eb400000,0x00000000eb400000,0x00000000eec00000)
  from space 3072K, 95% used [0x00000000ef980000,0x00000000efc5e398,0x00000000efc80000)
  to   space 6656K, 0% used [0x00000000eef80000,0x00000000eef80000,0x00000000ef600000)
 ParOldGen       total 28672K, used 5013K [0x00000000c1c00000, 0x00000000c3800000, 0x00000000eb400000)
  object space 28672K, 17% used [0x00000000c1c00000,0x00000000c20e5528,0x00000000c3800000)
 Metaspace       used 23095K, capacity 23796K, committed 23936K, reserved 1071104K
  class space    used 2962K, capacity 3153K, committed 3200K, reserved 1048576K
}
Event: 10.160 GC heap before
{Heap before GC invocations=10 (full 1):
 PSYoungGen      total 60416K, used 60280K [0x00000000eb400000, 0x00000000efc80000, 0x0000000100000000)
  eden space 57344K, 100% used [0x00000000eb400000,0x00000000eec00000,0x00000000eec00000)
  from space 3072K, 95% used [0x00000000ef980000,0x00000000efc5e398,0x00000000efc80000)
  to   space 6656K, 0% used [0x00000000eef80000,0x00000000eef80000,0x00000000ef600000)
 ParOldGen       total 28672K, used 5013K [0x00000000c1c00000, 0x00000000c3800000, 0x00000000eb400000)
  object space 28672K, 17% used [0x00000000c1c00000,0x00000000c20e5528,0x00000000c3800000)
 Metaspace       used 26187K, capacity 27152K, committed 27264K, reserved 1073152K
  class space    used 3419K, capacity 3641K, committed 3712K, reserved 1048576K
Event: 10.189 GC heap after
Heap after GC invocations=10 (full 1):
 PSYoungGen      total 67584K, used 6640K [0x00000000eb400000, 0x00000000f1480000, 0x0000000100000000)
  eden space 60928K, 0% used [0x00000000eb400000,0x00000000eb400000,0x00000000eef80000)
  from space 6656K, 99% used [0x00000000eef80000,0x00000000ef5fc1e0,0x00000000ef600000)
  to   space 7680K, 0% used [0x00000000f0d00000,0x00000000f0d00000,0x00000000f1480000)
 ParOldGen       total 28672K, used 5268K [0x00000000c1c00000, 0x00000000c3800000, 0x00000000eb400000)
  object space 28672K, 18% used [0x00000000c1c00000,0x00000000c2125328,0x00000000c3800000)
 Metaspace       used 26187K, capacity 27152K, committed 27264K, reserved 1073152K
  class space    used 3419K, capacity 3641K, committed 3712K, reserved 1048576K
}
Event: 14.422 GC heap before
{Heap before GC invocations=11 (full 1):
 PSYoungGen      total 67584K, used 67568K [0x00000000eb400000, 0x00000000f1480000, 0x0000000100000000)
  eden space 60928K, 100% used [0x00000000eb400000,0x00000000eef80000,0x00000000eef80000)
  from space 6656K, 99% used [0x00000000eef80000,0x00000000ef5fc1e0,0x00000000ef600000)
  to   space 7680K, 0% used [0x00000000f0d00000,0x00000000f0d00000,0x00000000f1480000)
 ParOldGen       total 28672K, used 5268K [0x00000000c1c00000, 0x00000000c3800000, 0x00000000eb400000)
  object space 28672K, 18% used [0x00000000c1c00000,0x00000000c2125328,0x00000000c3800000)
 Metaspace       used 32434K, capacity 33828K, committed 34048K, reserved 1079296K
  class space    used 4216K, capacity 4489K, committed 4608K, reserved 1048576K
Event: 14.454 GC heap after
Heap after GC invocations=11 (full 1):
 PSYoungGen      total 87552K, used 7672K [0x00000000eb400000, 0x00000000f1f00000, 0x0000000100000000)
  eden space 79872K, 0% used [0x00000000eb400000,0x00000000eb400000,0x00000000f0200000)
  from space 7680K, 99% used [0x00000000f0d00000,0x00000000f147e1c0,0x00000000f1480000)
  to   space 11264K, 0% used [0x00000000f0200000,0x00000000f0200000,0x00000000f0d00000)
 ParOldGen       total 28672K, used 12032K [0x00000000c1c00000, 0x00000000c3800000, 0x00000000eb400000)
  object space 28672K, 41% used [0x00000000c1c00000,0x00000000c27c0050,0x00000000c3800000)
 Metaspace       used 32434K, capacity 33828K, committed 34048K, reserved 1079296K
  class space    used 4216K, capacity 4489K, committed 4608K, reserved 1048576K
}
Event: 15.822 GC heap before
{Heap before GC invocations=12 (full 1):
 PSYoungGen      total 87552K, used 63147K [0x00000000eb400000, 0x00000000f1f00000, 0x0000000100000000)
  eden space 79872K, 69% used [0x00000000eb400000,0x00000000eea2ca88,0x00000000f0200000)
  from space 7680K, 99% used [0x00000000f0d00000,0x00000000f147e1c0,0x00000000f1480000)
  to   space 11264K, 0% used [0x00000000f0200000,0x00000000f0200000,0x00000000f0d00000)
 ParOldGen       total 28672K, used 12032K [0x00000000c1c00000, 0x00000000c3800000, 0x00000000eb400000)
  object space 28672K, 41% used [0x00000000c1c00000,0x00000000c27c0050,0x00000000c3800000)
 Metaspace       used 33878K, capacity 35392K, committed 35456K, reserved 1079296K
  class space    used 4389K, capacity 4685K, committed 4736K, reserved 1048576K
Event: 15.849 GC heap after
Heap after GC invocations=12 (full 1):
 PSYoungGen      total 91136K, used 2724K [0x00000000eb400000, 0x00000000f3800000, 0x0000000100000000)
  eden space 79872K, 0% used [0x00000000eb400000,0x00000000eb400000,0x00000000f0200000)
  from space 11264K, 24% used [0x00000000f0200000,0x00000000f04a9368,0x00000000f0d00000)
  to   space 10752K, 0% used [0x00000000f2d80000,0x00000000f2d80000,0x00000000f3800000)
 ParOldGen       total 28672K, used 19461K [0x00000000c1c00000, 0x00000000c3800000, 0x00000000eb400000)
  object space 28672K, 67% used [0x00000000c1c00000,0x00000000c2f01430,0x00000000c3800000)
 Metaspace       used 33878K, capacity 35392K, committed 35456K, reserved 1079296K
  class space    used 4389K, capacity 4685K, committed 4736K, reserved 1048576K
}
Event: 15.850 GC heap before
{Heap before GC invocations=13 (full 2):
 PSYoungGen      total 91136K, used 2724K [0x00000000eb400000, 0x00000000f3800000, 0x0000000100000000)
  eden space 79872K, 0% used [0x00000000eb400000,0x00000000eb400000,0x00000000f0200000)
  from space 11264K, 24% used [0x00000000f0200000,0x00000000f04a9368,0x00000000f0d00000)
  to   space 10752K, 0% used [0x00000000f2d80000,0x00000000f2d80000,0x00000000f3800000)
 ParOldGen       total 28672K, used 19461K [0x00000000c1c00000, 0x00000000c3800000, 0x00000000eb400000)
  object space 28672K, 67% used [0x00000000c1c00000,0x00000000c2f01430,0x00000000c3800000)
 Metaspace       used 33878K, capacity 35392K, committed 35456K, reserved 1079296K
  class space    used 4389K, capacity 4685K, committed 4736K, reserved 1048576K
Event: 15.977 GC heap after
Heap after GC invocations=13 (full 2):
 PSYoungGen      total 91136K, used 0K [0x00000000eb400000, 0x00000000f3800000, 0x0000000100000000)
  eden space 79872K, 0% used [0x00000000eb400000,0x00000000eb400000,0x00000000f0200000)
  from space 11264K, 0% used [0x00000000f0200000,0x00000000f0200000,0x00000000f0d00000)
  to   space 10752K, 0% used [0x00000000f2d80000,0x00000000f2d80000,0x00000000f3800000)
 ParOldGen       total 52736K, used 17770K [0x00000000c1c00000, 0x00000000c4f80000, 0x00000000eb400000)
  object space 52736K, 33% used [0x00000000c1c00000,0x00000000c2d5a960,0x00000000c4f80000)
 Metaspace       used 33878K, capacity 35392K, committed 35456K, reserved 1079296K
  class space    used 4389K, capacity 4685K, committed 4736K, reserved 1048576K
}

Deoptimization events (10 events):
Event: 20.572 Thread 0x0000000002e14800 Uncommon trap: reason=unstable_if action=reinterpret pc=0x0000000003a523bc method=java.util.Properties.load0(Ljava/util/Properties$LineReader;)V @ 33
Event: 21.219 Thread 0x0000000002e14800 Uncommon trap: reason=class_check action=maybe_recompile pc=0x0000000003a7f32c method=java.util.TreeMap.getEntry(Ljava/lang/Object;)Ljava/util/TreeMap$Entry; @ 26
Event: 21.282 Thread 0x0000000002e14800 Uncommon trap: reason=class_check action=maybe_recompile pc=0x0000000003a7f32c method=java.util.TreeMap.getEntry(Ljava/lang/Object;)Ljava/util/TreeMap$Entry; @ 26
Event: 21.282 Thread 0x0000000002e14800 Uncommon trap: reason=class_check action=maybe_recompile pc=0x0000000003a7f32c method=java.util.TreeMap.getEntry(Ljava/lang/Object;)Ljava/util/TreeMap$Entry; @ 26
Event: 21.283 Thread 0x0000000002e14800 Uncommon trap: reason=class_check action=maybe_recompile pc=0x0000000003a7f32c method=java.util.TreeMap.getEntry(Ljava/lang/Object;)Ljava/util/TreeMap$Entry; @ 26
Event: 21.309 Thread 0x0000000002e14800 Uncommon trap: reason=bimorphic action=maybe_recompile pc=0x0000000003548834 method=java.util.Hashtable.get(Ljava/lang/Object;)Ljava/lang/Object; @ 6
Event: 21.732 Thread 0x0000000002e14800 Uncommon trap: reason=unstable_if action=reinterpret pc=0x0000000003316da8 method=java.lang.Class.arrayContentsEq([Ljava/lang/Object;[Ljava/lang/Object;)Z @ 1
Event: 21.823 Thread 0x0000000002e14800 Uncommon trap: reason=null_check action=make_not_entrant pc=0x0000000003a6d6d4 method=org.springframework.core.annotation.AnnotatedElementUtils.searchWithFindSemantics(Ljava/lang/reflect/AnnotatedElement;Ljava/util/Set;Ljava/lang/String;Ljava/lang/Class;Lo
Event: 22.015 Thread 0x00000000180d1000 Uncommon trap: reason=bimorphic action=maybe_recompile pc=0x0000000003548834 method=java.util.Hashtable.get(Ljava/lang/Object;)Ljava/lang/Object; @ 6
Event: 22.308 Thread 0x00000000180d1000 Uncommon trap: reason=predicate action=maybe_recompile pc=0x0000000003367888 method=java.util.regex.Pattern$SliceI.match(Ljava/util/regex/Matcher;ILjava/lang/CharSequence;)Z @ 21

Internal exceptions (10 events):
Event: 15.996 Thread 0x0000000002e14800 Implicit null exception at 0x000000000307304d to 0x00000000030735bc
Event: 15.996 Thread 0x0000000002e14800 Exception <a 'java/lang/NullPointerException'> (0x00000000eb41ca30) thrown at [C:\re\workspace\8-2-build-windows-amd64-cygwin\jdk8u91\6644\hotspot\src\share\vm\runtime\sharedRuntime.cpp, line 605]
Event: 15.996 Thread 0x0000000002e14800 Implicit null exception at 0x000000000307304d to 0x00000000030735bc
Event: 15.996 Thread 0x0000000002e14800 Exception <a 'java/lang/NullPointerException'> (0x00000000eb41d850) thrown at [C:\re\workspace\8-2-build-windows-amd64-cygwin\jdk8u91\6644\hotspot\src\share\vm\runtime\sharedRuntime.cpp, line 605]
Event: 15.997 Thread 0x0000000002e14800 Implicit null exception at 0x000000000307304d to 0x00000000030735bc
Event: 15.997 Thread 0x0000000002e14800 Exception <a 'java/lang/NullPointerException'> (0x00000000eb41e610) thrown at [C:\re\workspace\8-2-build-windows-amd64-cygwin\jdk8u91\6644\hotspot\src\share\vm\runtime\sharedRuntime.cpp, line 605]
Event: 15.997 Thread 0x0000000002e14800 Implicit null exception at 0x000000000307304d to 0x00000000030735bc
Event: 15.997 Thread 0x0000000002e14800 Exception <a 'java/lang/NullPointerException'> (0x00000000eb41f378) thrown at [C:\re\workspace\8-2-build-windows-amd64-cygwin\jdk8u91\6644\hotspot\src\share\vm\runtime\sharedRuntime.cpp, line 605]
Event: 21.732 Thread 0x0000000002e14800 Implicit null exception at 0x0000000003316aec to 0x0000000003316d7d
Event: 21.823 Thread 0x0000000002e14800 Implicit null exception at 0x0000000003a667c1 to 0x0000000003a6d695

Events (10 events):
Event: 22.308 Thread 0x00000000180d1000 DEOPT PACKING pc=0x0000000003367888 sp=0x000000001f2cdcb0
Event: 22.308 Thread 0x00000000180d1000 DEOPT UNPACKING pc=0x0000000002f5582a sp=0x000000001f2cdc50 mode 2
Event: 22.327 loading class org/hibernate/dialect/MySQLDialect
Event: 22.327 loading class org/hibernate/dialect/MySQLDialect done
Event: 22.385 loading class org/hibernate/dialect/Dialect
Event: 22.385 loading class org/hibernate/dialect/Dialect done
Event: 22.388 loading class org/hibernate/exception/spi/ConversionContext
Event: 22.388 loading class org/hibernate/exception/spi/ConversionContext done
Event: 22.442 loading class org/hibernate/cfg/AvailableSettings
Event: 22.442 loading class org/hibernate/cfg/AvailableSettings done


Dynamic libraries:
0x00007ff724150000 - 0x00007ff724187000 	C:\Program Files\Java\jdk1.8.0_91\bin\javaw.exe
0x00007ff916430000 - 0x00007ff916625000 	C:\WINDOWS\SYSTEM32\ntdll.dll
0x00007ff9155a0000 - 0x00007ff91565d000 	C:\WINDOWS\System32\KERNEL32.DLL
0x00007ff913c40000 - 0x00007ff913f09000 	C:\WINDOWS\System32\KERNELBASE.dll
0x00007ff915d60000 - 0x00007ff915e0c000 	C:\WINDOWS\System32\ADVAPI32.dll
0x00007ff915ea0000 - 0x00007ff915f3e000 	C:\WINDOWS\System32\msvcrt.dll
0x00007ff914550000 - 0x00007ff9145eb000 	C:\WINDOWS\System32\sechost.dll
0x00007ff914fc0000 - 0x00007ff9150ea000 	C:\WINDOWS\System32\RPCRT4.dll
0x00007ff916130000 - 0x00007ff9162d0000 	C:\WINDOWS\System32\USER32.dll
0x00007ff914470000 - 0x00007ff914492000 	C:\WINDOWS\System32\win32u.dll
0x00007ff9156f0000 - 0x00007ff91571a000 	C:\WINDOWS\System32\GDI32.dll
0x00007ff913fc0000 - 0x00007ff9140cb000 	C:\WINDOWS\System32\gdi32full.dll
0x00007ff913b70000 - 0x00007ff913c0d000 	C:\WINDOWS\System32\msvcp_win.dll
0x00007ff914290000 - 0x00007ff914390000 	C:\WINDOWS\System32\ucrtbase.dll
0x00007ff903a30000 - 0x00007ff903cca000 	C:\WINDOWS\WinSxS\amd64_microsoft.windows.common-controls_6595b64144ccf1df_6.0.19041.1110_none_60b5254171f9507e\COMCTL32.dll
0x00007ff915570000 - 0x00007ff9155a0000 	C:\WINDOWS\System32\IMM32.DLL
0x000000005ccb0000 - 0x000000005cd82000 	C:\Program Files\Java\jdk1.8.0_91\jre\bin\msvcr100.dll
0x000000005bd10000 - 0x000000005c5a3000 	C:\Program Files\Java\jdk1.8.0_91\jre\bin\server\jvm.dll
0x00007ff915720000 - 0x00007ff915728000 	C:\WINDOWS\System32\PSAPI.DLL
0x00007ff90d3f0000 - 0x00007ff90d3f9000 	C:\WINDOWS\SYSTEM32\WSOCK32.dll
0x00007ff915f40000 - 0x00007ff915fab000 	C:\WINDOWS\System32\WS2_32.dll
0x00007ff90ded0000 - 0x00007ff90def7000 	C:\WINDOWS\SYSTEM32\WINMM.dll
0x00007ff912a60000 - 0x00007ff912a6a000 	C:\WINDOWS\SYSTEM32\VERSION.dll
0x000000005d080000 - 0x000000005d08f000 	C:\Program Files\Java\jdk1.8.0_91\jre\bin\verify.dll
0x000000005d050000 - 0x000000005d079000 	C:\Program Files\Java\jdk1.8.0_91\jre\bin\java.dll
0x000000005d030000 - 0x000000005d046000 	C:\Program Files\Java\jdk1.8.0_91\jre\bin\zip.dll
0x00007ff9145f0000 - 0x00007ff914d2f000 	C:\WINDOWS\System32\SHELL32.dll
0x00007ff912270000 - 0x00007ff912a01000 	C:\WINDOWS\SYSTEM32\windows.storage.dll
0x00007ff915210000 - 0x00007ff915565000 	C:\WINDOWS\System32\combase.dll
0x00007ff9135e0000 - 0x00007ff91360c000 	C:\WINDOWS\SYSTEM32\Wldp.dll
0x00007ff9144a0000 - 0x00007ff91454e000 	C:\WINDOWS\System32\SHCORE.dll
0x00007ff916330000 - 0x00007ff916385000 	C:\WINDOWS\System32\shlwapi.dll
0x00007ff913ab0000 - 0x00007ff913acf000 	C:\WINDOWS\SYSTEM32\profapi.dll
0x000000005d020000 - 0x000000005d02d000 	C:\Program Files\Java\jdk1.8.0_91\jre\bin\management.dll
0x000000005d000000 - 0x000000005d01a000 	C:\Program Files\Java\jdk1.8.0_91\jre\bin\net.dll
0x00007ff913340000 - 0x00007ff9133aa000 	C:\WINDOWS\system32\mswsock.dll
0x00007ff90b190000 - 0x00007ff90b1a7000 	C:\WINDOWS\system32\napinsp.dll
0x00007ff90b170000 - 0x00007ff90b18b000 	C:\WINDOWS\system32\pnrpnsp.dll
0x00007ff90eaf0000 - 0x00007ff90eb05000 	C:\WINDOWS\system32\wshbth.dll
0x00007ff90d9a0000 - 0x00007ff90d9bd000 	C:\WINDOWS\system32\NLAapi.dll
0x00007ff912fe0000 - 0x00007ff91301b000 	C:\WINDOWS\SYSTEM32\IPHLPAPI.DLL
0x00007ff913020000 - 0x00007ff9130ec000 	C:\WINDOWS\SYSTEM32\DNSAPI.dll
0x00007ff9156e0000 - 0x00007ff9156e8000 	C:\WINDOWS\System32\NSI.dll
0x00007ff90b150000 - 0x00007ff90b162000 	C:\WINDOWS\System32\winrnr.dll
0x00007ff90d800000 - 0x00007ff90d80a000 	C:\Windows\System32\rasadhlp.dll
0x00007ff90b030000 - 0x00007ff90b0af000 	C:\WINDOWS\System32\fwpuclnt.dll
0x00007ff913c10000 - 0x00007ff913c37000 	C:\WINDOWS\System32\bcrypt.dll
0x000000005cfe0000 - 0x000000005cff1000 	C:\Program Files\Java\jdk1.8.0_91\jre\bin\nio.dll
0x00007ff913530000 - 0x00007ff913548000 	C:\WINDOWS\SYSTEM32\CRYPTSP.dll
0x00007ff912c70000 - 0x00007ff912ca4000 	C:\WINDOWS\system32\rsaenh.dll
0x00007ff913a70000 - 0x00007ff913a9e000 	C:\WINDOWS\SYSTEM32\USERENV.dll
0x00007ff9143e0000 - 0x00007ff914463000 	C:\WINDOWS\System32\bcryptprimitives.dll
0x00007ff913520000 - 0x00007ff91352c000 	C:\WINDOWS\SYSTEM32\CRYPTBASE.dll
0x00007ff90cc40000 - 0x00007ff90cc57000 	C:\WINDOWS\SYSTEM32\dhcpcsvc6.DLL
0x00007ff90ced0000 - 0x00007ff90ceed000 	C:\WINDOWS\SYSTEM32\dhcpcsvc.DLL
0x000000005cc80000 - 0x000000005cca4000 	C:\Program Files\Java\jdk1.8.0_91\jre\bin\sunec.dll

VM Arguments:
jvm_args: -Dfile.encoding=UTF-8 
java_command: com.javainuse.SpringBootHelloWorldApplication
java_class_path (initial): C:\TechLearnings\SpringBootHelloWorld\target\classes;C:\Users\Administrator\.m2\repository\org\springframework\boot\spring-boot-starter-web\2.1.3.RELEASE\spring-boot-starter-web-2.1.3.RELEASE.jar;C:\Users\Administrator\.m2\repository\org\springframework\boot\spring-boot-starter\2.1.3.RELEASE\spring-boot-starter-2.1.3.RELEASE.jar;C:\Users\Administrator\.m2\repository\org\springframework\boot\spring-boot\2.1.3.RELEASE\spring-boot-2.1.3.RELEASE.jar;C:\Users\Administrator\.m2\repository\org\springframework\boot\spring-boot-autoconfigure\2.1.3.RELEASE\spring-boot-autoconfigure-2.1.3.RELEASE.jar;C:\Users\Administrator\.m2\repository\org\springframework\boot\spring-boot-starter-logging\2.1.3.RELEASE\spring-boot-starter-logging-2.1.3.RELEASE.jar;C:\Users\Administrator\.m2\repository\ch\qos\logback\logback-classic\1.2.3\logback-classic-1.2.3.jar;C:\Users\Administrator\.m2\repository\ch\qos\logback\logback-core\1.2.3\logback-core-1.2.3.jar;C:\Users\Administrator\.m2\repository\org\apache\logging\log4j\log4j-to-slf4j\2.11.2\log4j-to-slf4j-2.11.2.jar;C:\Users\Administrator\.m2\repository\org\apache\logging\log4j\log4j-api\2.11.2\log4j-api-2.11.2.jar;C:\Users\Administrator\.m2\repository\org\slf4j\jul-to-slf4j\1.7.25\jul-to-slf4j-1.7.25.jar;C:\Users\Administrator\.m2\repository\javax\annotation\javax.annotation-api\1.3.2\javax.annotation-api-1.3.2.jar;C:\Users\Administrator\.m2\repository\org\yaml\snakeyaml\1.23\snakeyaml-1.23.jar;C:\Users\Administrator\.m2\repository\org\springframework\boot\spring-boot-starter-json\2.1.3.RELEASE\spring-boot-starter-json-2.1.3.RELEASE.jar;C:\Users\Administrator\.m2\repository\com\fasterxml\jackson\core\jackson-databind\2.9.8\jackson-databind-2.9.8.jar;C:\Users\Administrator\.m2\repository\com\fasterxml\jackson\core\jackson-annotations\2.9.0\jackson-annotations-2.9.0.jar;C:\Users\Administrator\.m2\repository\com\fasterxml\jackson\core\jackson-core\2.9.8\jackson-core-2.9.8.jar;C:\Users\Administrator\.m2\repository\com
Launcher Type: SUN_STANDARD

Environment Variables:
JAVA_HOME=C:\Program Files\java\jdk1.8.0_91\
PATH=C:/eclipse//plugins/org.eclipse.justj.openjdk.hotspot.jre.full.win32.x86_64_15.0.1.v20201027-0507/jre/bin/server;C:/eclipse//plugins/org.eclipse.justj.openjdk.hotspot.jre.full.win32.x86_64_15.0.1.v20201027-0507/jre/bin;C:\Program Files\java\jdk1.8.0_91\bin;C:\Program Files (x86)\Lenovo\FusionEngine;C:\Program Files (x86)\Intel\iCLS Client\;C:\Program Files\Intel\iCLS Client\;C:\WINDOWS\system32;C:\WINDOWS;C:\WINDOWS\System32\Wbem;C:\WINDOWS\System32\WindowsPowerShell\v1.0\;C:\Program Files\Intel\Intel(R) Management Engine Components\DAL;C:\Program Files\Intel\Intel(R) Management Engine Components\IPT;C:\Program Files (x86)\Intel\Intel(R) Management Engine Components\DAL;C:\Program Files (x86)\Intel\Intel(R) Management Engine Components\IPT;C:\Program Files (x86)\Common Files\lenovo\easyplussdk\bin;C:\WINDOWS\System32\OpenSSH\;D:\nodejs\;D:\Git\cmd;C:\Program Files\MySQL\MySQL Shell 8.0\bin\;C:\Users\Administrator\AppData\Local\Microsoft\WindowsApps;C:\Users\Administrator\AppData\Roaming\npm;D:\Microsoft_VS_Code\bin;;C:\eclipse;
USERNAME=Administrator
OS=Windows_NT
PROCESSOR_IDENTIFIER=Intel64 Family 6 Model 55 Stepping 8, GenuineIntel



---------------  S Y S T E M  ---------------

OS: Windows 10.0 , 64 bit Build 19041 (10.0.19041.1023)

CPU:total 4 (4 cores per cpu, 1 threads per core) family 6 model 55 stepping 8, cmov, cx8, fxsr, mmx, sse, sse2, sse3, ssse3, sse4.1, sse4.2, popcnt, clmul, erms, 3dnowpref, tsc, tscinvbit

Memory: 4k page, physical 4074716k(446272k free), swap 7220444k(5776k free)

vm_info: Java HotSpot(TM) 64-Bit Server VM (25.91-b14) for windows-amd64 JRE (1.8.0_91-b14), built on Apr  1 2016 00:58:32 by "java_re" with MS VC++ 10.0 (VS2010)

time: Sun Jul 18 00:59:47 2021
elapsed time: 22 seconds (0d 0h 0m 22s)

