JvmtiExport can_access_local_variables 0
JvmtiExport can_hotswap_or_post_breakpoint 0
JvmtiExport can_post_on_exceptions 0
# 432 ciObject found
ciMethod java/lang/Object <init> ()V 4097 1 554364 0 0
ciMethod java/lang/Object hashCode ()I 3073 1 384 0 -1
ciMethod java/lang/Object equals (Ljava/lang/Object;)Z 3129 1 7200 0 -1
ciMethod java/lang/Object clone ()Ljava/lang/Object; 2049 1 256 0 -1
ciMethod java/lang/String <init> ([CII)V 3057 1 10641 0 736
ciMethod java/lang/String <init> ([BIILjava/lang/String;)V 2137 1 4174 0 -1
ciMethod java/lang/String <init> ([CZ)V 1769 1 13705 0 0
ciMethod java/lang/String length ()I 4097 1 196756 0 0
ciMethod java/lang/String charAt (I)C 4097 1 462280 0 128
ciMethod java/lang/String getChars ([CI)V 2057 1 5391 0 0
ciMethod java/lang/String equals (Ljava/lang/Object;)Z 2081 11145 4359 0 -1
ciMethod java/lang/String equalsIgnoreCase (Ljava/lang/String;)Z 2073 1 5393 0 1664
ciMethod java/lang/String regionMatches (ZILjava/lang/String;II)Z 1945 6481 6023 0 0
ciMethod java/lang/String hashCode ()I 2833 32769 1072 0 320
ciMethod java/lang/String lastIndexOf (I)I 2049 1 15979 0 288
ciMethod java/lang/String lastIndexOf (II)I 969 41041 1127 0 320
ciMethod java/lang/String lastIndexOfSupplementary (II)I 0 0 1 0 -1
ciMethod java/lang/String substring (II)Ljava/lang/String; 2049 1 5424 0 992
ciMethod java/lang/String concat (Ljava/lang/String;)Ljava/lang/String; 2049 1 5379 0 832
ciMethod java/lang/String replace (CC)Ljava/lang/String; 865 57625 1529 0 1056
ciMethod java/lang/String toUpperCase (Ljava/util/Locale;)Ljava/lang/String; 1121 39121 785 0 -1
ciMethod java/lang/ClassLoader defineClass (Ljava/lang/String;[BIILjava/security/ProtectionDomain;)Ljava/lang/Class; 2097 1 2261 0 -1
ciMethod java/lang/ClassLoader definePackage (Ljava/lang/String;Ljava/lang/String;Ljava/lang/String;Ljava/lang/String;Ljava/lang/String;Ljava/lang/String;Ljava/lang/String;Ljava/net/URL;)Ljava/lang/Package; 481 1 256 0 0
ciMethod java/lang/ClassLoader getPackage (Ljava/lang/String;)Ljava/lang/Package; 3073 1 3464 0 0
ciMethod java/lang/System nanoTime ()J 2049 1 256 0 -1
ciMethod java/lang/System arraycopy (Ljava/lang/Object;ILjava/lang/Object;II)V 5121 1 640 0 -1
ciMethod java/lang/Throwable addSuppressed (Ljava/lang/Throwable;)V 0 0 1 0 -1
ciMethod java/security/SecureClassLoader defineClass (Ljava/lang/String;[BIILjava/security/CodeSource;)Ljava/lang/Class; 2097 1 2241 0 -1
ciMethod java/security/SecureClassLoader defineClass (Ljava/lang/String;Ljava/nio/ByteBuffer;Ljava/security/CodeSource;)Ljava/lang/Class; 0 0 1 0 -1
ciMethod java/security/SecureClassLoader getProtectionDomain (Ljava/security/CodeSource;)Ljava/security/ProtectionDomain; 2097 1 2241 0 -1
ciMethod java/lang/ref/Reference get ()Ljava/lang/Object; 1025 1 128 0 -1
ciMethod java/lang/ref/Reference <init> (Ljava/lang/Object;)V 3121 1 2693 0 0
ciMethod java/lang/ref/Reference <init> (Ljava/lang/Object;Ljava/lang/ref/ReferenceQueue;)V 2073 1 14392 0 96
ciMethod java/lang/ref/SoftReference <init> (Ljava/lang/Object;)V 961 1 777 0 0
ciMethod java/lang/ref/SoftReference get ()Ljava/lang/Object; 2065 1 12726 0 0
ciMethod java/lang/Thread currentThread ()Ljava/lang/Thread; 2049 1 256 0 -1
ciMethod java/lang/Thread interrupt ()V 0 0 1 0 -1
ciMethod java/lang/Thread interrupted ()Z 3137 1 3040 0 -1
ciMethod java/util/Map get (Ljava/lang/Object;)Ljava/lang/Object; 0 0 1 0 -1
ciMethod java/util/Map put (Ljava/lang/Object;Ljava/lang/Object;)Ljava/lang/Object; 0 0 1 0 -1
ciMethod java/util/Hashtable <init> (IF)V 1681 1 1743 0 0
ciMethod java/util/Hashtable <init> (I)V 905 1 83 0 0
ciMethod java/util/Hashtable <init> ()V 1369 1 1659 0 0
ciMethod java/util/Dictionary <init> ()V 2049 1 1743 0 0
ciMethod java/lang/StringBuilder <init> ()V 761 1 40282 0 -1
ciMethod java/lang/StringBuilder append (Ljava/lang/String;)Ljava/lang/StringBuilder; 1457 1 112999 0 -1
ciMethod java/lang/StringBuilder toString ()Ljava/lang/String; 801 1 43126 0 -1
ciMethod java/io/ByteArrayInputStream <init> ([B)V 137 1 1465 0 0
ciMethod java/io/InputStream <init> ()V 2049 1 9224 0 96
ciMethod java/io/InputStream read ([BII)I 0 0 1 0 -1
ciMethod java/io/InputStream close ()V 0 0 1 0 -1
ciMethod java/net/URLClassLoader getAndVerifyPackage (Ljava/lang/String;Ljava/util/jar/Manifest;Ljava/net/URL;)Ljava/lang/Package; 3105 1 2241 0 0
ciMethod java/net/URLClassLoader definePackageInternal (Ljava/lang/String;Ljava/util/jar/Manifest;Ljava/net/URL;)V 2097 1 2241 0 0
ciMethod java/net/URLClassLoader defineClass (Ljava/lang/String;Lsun/misc/Resource;)Ljava/lang/Class; 1073 1 2241 0 0
ciMethod java/net/URLClassLoader definePackage (Ljava/lang/String;Ljava/util/jar/Manifest;Ljava/net/URL;)Ljava/lang/Package; 441 1 251 0 0
ciMethod java/net/URLClassLoader isSealed (Ljava/lang/String;Ljava/util/jar/Manifest;)Z 2049 1 1974 0 0
ciMethod java/net/URLClassLoader access$000 (Ljava/net/URLClassLoader;)Lsun/misc/URLClassPath; 1025 1 128 0 0
ciMethod java/net/URLClassLoader access$100 (Ljava/net/URLClassLoader;Ljava/lang/String;Lsun/misc/Resource;)Ljava/lang/Class; 1073 1 2241 0 0
ciMethod java/util/jar/Manifest <init> (Ljava/io/InputStream;)V 129 1 78 0 0
ciMethod java/util/jar/Manifest getMainAttributes ()Ljava/util/jar/Attributes; 1025 1 128 0 0
ciMethod java/util/jar/Manifest getEntries ()Ljava/util/Map; 1025 1 128 0 0
ciMethod java/util/jar/Manifest getAttributes (Ljava/lang/String;)Ljava/util/jar/Attributes; 2457 1 3422 0 0
ciMethod java/util/jar/Manifest read (Ljava/io/InputStream;)V 129 1 86 0 -1
ciMethod java/util/jar/Manifest parseName ([BI)Ljava/lang/String; 2105 1 934 0 -1
ciMethod java/security/CodeSource <init> (Ljava/net/URL;[Ljava/security/CodeSigner;)V 2057 1 2241 0 -1
ciMethod java/lang/Character toLowerCase (C)C 2105 1 9980 0 192
ciMethod java/lang/Character toLowerCase (I)I 4097 1 27932 0 0
ciMethod java/lang/Character toUpperCase (C)C 2905 1 8140 0 0
ciMethod java/lang/Character toUpperCase (I)I 2993 1 8140 0 0
ciMethod java/lang/Float isNaN (F)Z 3073 1 7264 0 0
ciMethod java/lang/Float floatToRawIntBits (F)I 9 1 1 0 -1
ciMethod java/util/Comparator compare (Ljava/lang/Object;Ljava/lang/Object;)I 0 0 1 0 -1
ciMethod java/security/AccessController doPrivileged (Ljava/security/PrivilegedAction;)Ljava/lang/Object; 2049 1 256 0 -1
ciMethod java/util/AbstractList <init> ()V 2441 1 81449 0 32
ciMethod java/util/AbstractCollection <init> ()V 617 1 104884 0 0
ciMethod java/util/ArrayList <init> ()V 2073 1 58400 0 64
ciMethod java/util/AbstractMap <init> ()V 713 1 28625 0 32
ciMethod java/util/HashMap hash (Ljava/lang/Object;)I 2049 1 71351 0 160
ciMethod java/util/HashMap tableSizeFor (I)I 2049 1 5385 0 128
ciMethod java/util/HashMap <init> (IF)V 841 1 5292 0 352
ciMethod java/util/HashMap <init> (I)V 729 1 5830 0 0
ciMethod java/util/HashMap <init> ()V 217 1 18744 0 32
ciMethod java/util/HashMap get (Ljava/lang/Object;)Ljava/lang/Object; 2065 1 17749 0 640
ciMethod java/util/HashMap getNode (ILjava/lang/Object;)Ljava/util/HashMap$Node; 2161 57 15631 0 480
ciMethod java/util/HashMap put (Ljava/lang/Object;Ljava/lang/Object;)Ljava/lang/Object; 2073 1 12617 0 1280
ciMethod java/util/HashMap putVal (ILjava/lang/Object;Ljava/lang/Object;ZZ)Ljava/lang/Object; 2073 161 13813 0 -1
ciMethod java/lang/Math max (II)I 2089 1 16470 0 -1
ciMethod java/lang/Math min (II)I 4097 1 80541 0 -1
ciMethod java/lang/Math min (FF)F 2049 1 1953 0 0
ciMethod java/io/OutputStream <init> ()V 2057 1 2730 0 0
ciMethod java/util/Arrays copyOf ([BI)[B 2073 1 15121 0 -1
ciMethod java/util/Arrays copyOf ([CI)[C 2065 1 14027 0 0
ciMethod java/util/Arrays copyOfRange ([CII)[C 3081 1 5534 0 480
ciMethodData java/lang/Object <init> ()V 2 554529 orig 264 8 193 238 111 0 0 0 0 128 4 225 20 0 0 0 0 32 1 0 0 0 0 0 0 0 0 0 0 0 0 0 0 0 0 0 0 0 0 0 0 0 0 0 0 0 0 0 0 0 0 0 0 0 0 0 0 0 0 0 0 0 0 0 0 0 0 0 0 0 0 0 0 0 0 0 0 0 0 0 0 77 68 79 32 101 120 116 114 97 32 100 97 116 97 32 108 111 99 107 0 0 0 0 0 0 0 0 0 0 0 0 0 0 0 0 0 0 0 0 0 0 0 0 0 0 0 0 0 0 0 0 0 0 0 0 0 0 0 0 0 0 0 0 0 0 0 0 0 0 0 0 0 0 0 0 0 0 0 0 0 0 0 0 0 0 0 0 0 0 0 0 0 0 0 0 0 0 0 0 0 0 0 0 0 1 0 0 0 0 0 0 0 1 0 0 0 0 0 0 0 1 0 0 0 0 0 0 0 0 0 0 0 0 0 0 0 0 2 0 0 9 161 67 0 1 0 0 0 0 0 0 0 0 0 0 